<?xml version="1.0" encoding="UTF-8"?>
<!-- Generated by org.testng.reporters.JUnitXMLReporter -->
<testsuite ignored="0" hostname="PRAWIN_V_S" failures="0" tests="3" name="Chrome Test" time="0.136" errors="0" timestamp="2026-01-11T18:16:51 IST">
  <testcase classname="orangehrm.basetest.BaseTest" name="@BeforeMethod beforeMethod" time="0.008">
    <failure type="java.lang.RuntimeException" message="java.lang.RuntimeException: Invalid browser: chrome">
      <![CDATA[java.lang.RuntimeException: java.lang.RuntimeException: Invalid browser: chrome
at orangehrm.basetest.BaseTest.beforeMethod(BaseTest.java:38)
at java.base/java.util.ArrayList.forEach(ArrayList.java:1597)
Caused by: java.lang.RuntimeException: Invalid browser: chrome
at orangehrm.driverfactory.DriverFactory.initDriver(DriverFactory.java:68)
at orangehrm.basetest.BaseTest.beforeMethod(BaseTest.java:32)
... 30 more
... Removed 29 stack frames]]>
    </failure>
  </testcase> <!-- @BeforeMethod beforeMethod -->
  <testcase classname="orangehrm.basetest.BaseTest" name="@BeforeMethod beforeMethod" time="0.004">
    <failure type="java.lang.RuntimeException" message="java.lang.RuntimeException: Invalid browser: chrome">
      <![CDATA[java.lang.RuntimeException: java.lang.RuntimeException: Invalid browser: chrome
at orangehrm.basetest.BaseTest.beforeMethod(BaseTest.java:38)
at java.base/java.util.ArrayList.forEach(ArrayList.java:1597)
Caused by: java.lang.RuntimeException: Invalid browser: chrome
at orangehrm.driverfactory.DriverFactory.initDriver(DriverFactory.java:68)
at orangehrm.basetest.BaseTest.beforeMethod(BaseTest.java:32)
... 30 more
... Removed 29 stack frames]]>
    </failure>
  </testcase> <!-- @BeforeMethod beforeMethod -->
  <testcase classname="orangehrm.basetest.BaseTest" name="@BeforeMethod beforeMethod" time="0.003">
    <failure type="java.lang.RuntimeException" message="java.lang.RuntimeException: Invalid browser: chrome">
      <![CDATA[java.lang.RuntimeException: java.lang.RuntimeException: Invalid browser: chrome
at orangehrm.basetest.BaseTest.beforeMethod(BaseTest.java:38)
at java.base/java.util.ArrayList.forEach(ArrayList.java:1597)
Caused by: java.lang.RuntimeException: Invalid browser: chrome
at orangehrm.driverfactory.DriverFactory.initDriver(DriverFactory.java:68)
at orangehrm.basetest.BaseTest.beforeMethod(BaseTest.java:32)
... 30 more
... Removed 29 stack frames]]>
    </failure>
  </testcase> <!-- @BeforeMethod beforeMethod -->
  <testcase classname="orangehrm.basetest.BaseTest" name="@AfterClass afterClass" time="0.0">
    <skipped/>
  </testcase> <!-- @AfterClass afterClass -->
  <testcase classname="orangehrm.pagestest.LoginPageTest" name="loginTest" time="0.0">
    <skipped/>
  </testcase> <!-- loginTest -->
  <testcase classname="orangehrm.pagestest.LoginPageTest" name="loginTest" time="0.0">
    <skipped/>
  </testcase> <!-- loginTest -->
  <testcase classname="orangehrm.pagestest.LoginPageTest" name="loginTest" time="0.001">
    <skipped/>
  </testcase> <!-- loginTest -->
</testsuite> <!-- Chrome Test -->
