<?xml version="1.0" encoding="UTF-8"?>
<!-- Generated by org.testng.reporters.JUnitXMLReporter -->
<testsuite ignored="0" hostname="PRAWIN_V_S" failures="0" tests="3" name="Edge Test" time="3.806" errors="0" timestamp="2026-01-11T18:16:55 IST">
  <testcase classname="orangehrm.pagestest.LoginPageTest" name="loginTest" time="0.0">
    <skipped/>
  </testcase> <!-- loginTest -->
  <testcase classname="orangehrm.pagestest.LoginPageTest" name="loginTest" time="0.0">
    <skipped/>
  </testcase> <!-- loginTest -->
  <testcase classname="orangehrm.pagestest.LoginPageTest" name="loginTest" time="0.001">
    <skipped/>
  </testcase> <!-- loginTest -->
</testsuite> <!-- Edge Test -->
